***** 2024/06/17 18:26:02 *****
QE Version                                        :3.3.0.v20230526-0659
Project Path                                      :C:\Users\slash\e2_studio\workspace_2024_01_01\RX140_64_KIT
Configuration File                                :RX140_64_KIT
IDE                                               :e2 studio with Emulator
Emulator                                          :
MCU                                               :RX140 R5F51403AxFM
<< METHOD 0 >>
[Button(self) 0]
TS                                                : TS15,
[Button(self) 1]
TS                                                : TS25,
[Button(self) 2]
TS                                                : TS28,

<<<< Tuning Type : Normal >>>>
System Clock Frequency (MHz)                      :48.000
PCLKB Frequency (MHz)                             :24.000
CTSU Operating Frequency (MHz)                    :24.000
Operating Voltage (V)                             :3.300

---------- Phase1 ----------
<< METHOD 0 >>
[TS15]
Count Value                                       : 3053
Resistance Value (ohm)                            : 560
Parasitic Capacitance (pF)                        : 21.20139
Sensor Drive Pulse Frequency (MHz)                : 2.0

[TS25]
Count Value                                       : 10107
Resistance Value (ohm)                            : 560
Parasitic Capacitance (pF)                        : 70.1875
Sensor Drive Pulse Frequency (MHz)                : 0.5

[TS28]
Count Value                                       : 3413
Resistance Value (ohm)                            : 560
Parasitic Capacitance (pF)                        : 23.70139
Sensor Drive Pulse Frequency (MHz)                : 1.0


---------- Phase2 ----------
<< METHOD 0 >>
[TS15]
Sensor Drive Pulse Frequency (MHz)                : 2.0
CTSUSNUM                                          : 15
CTSUSDPA                                          : 7
CTSUSO                                            : 246

[TS25]
Sensor Drive Pulse Frequency (MHz)                : 0.5
CTSUSNUM                                          : 15
CTSUSDPA                                          : 31
CTSUSO                                            : 205

[TS28]
Sensor Drive Pulse Frequency (MHz)                : 1.0
CTSUSNUM                                          : 15
CTSUSDPA                                          : 15
CTSUSO                                            : 88


---------- Phase3 ----------
<< METHOD 0 >>
[Button(self) 0]
  << TS15 >>
  Count Value (Off)                               : 15448
  Count Value (On)                                : 17792
  Threshold                                       : 1406
  Hysteresis                                      : 70

[Button(self) 1]
  << TS25 >>
  Count Value (Off)                               : 15456
  Count Value (On)                                : 15514
  Threshold                                       : 34
  Hysteresis                                      : 1

[Button(self) 2]
  << TS28 >>
  Count Value (Off)                               : 15452
  Count Value (On)                                : 16464
  Threshold                                       : 607
  Hysteresis                                      : 30


---------- Phase3 ----------
<< METHOD 0 >>
[Button(self) 0]
  << TS15 >>
  Count Value (Off)                               : 15448
  Count Value (On)                                : 17792
  Threshold                                       : 1406
  Hysteresis                                      : 70

[Button(self) 1]
  << TS25 >>
  Count Value (Off)                               : 15400
  Count Value (On)                                : 15404
  Threshold                                       : 2
  Hysteresis                                      : 0

[Button(self) 2]
  << TS28 >>
  Count Value (Off)                               : 15452
  Count Value (On)                                : 16464
  Threshold                                       : 607
  Hysteresis                                      : 30

