***** 2024/06/17 18:07:05 *****
QE Version                                        :3.3.0.v20230526-0659
Project Path                                      :C:\Users\slash\e2_studio\workspace_2024_01_01\RX140_64_KIT
Configuration File                                :RX140_64_KIT
IDE                                               :e2 studio with Emulator
Emulator                                          :
MCU                                               :RX140 R5F51403AxFM
<< METHOD 0 >>
[Button(self) 0]
TS                                                : TS15,
[Button(self) 1]
TS                                                : TS25,
[Button(self) 2]
TS                                                : TS28,

<<<< Tuning Type : Normal >>>>
System Clock Frequency (MHz)                      :48.000
PCLKB Frequency (MHz)                             :24.000
CTSU Operating Frequency (MHz)                    :24.000
Operating Voltage (V)                             :3.300

---------- Phase1 ----------
<< METHOD 0 >>
[TS15]
Count Value                                       : 3052
Resistance Value (ohm)                            : 560
Parasitic Capacitance (pF)                        : 21.194445
Sensor Drive Pulse Frequency (MHz)                : 2.0

[TS25]
Count Value                                       : 10091
Resistance Value (ohm)                            : 560
Parasitic Capacitance (pF)                        : 70.076385
Sensor Drive Pulse Frequency (MHz)                : 0.5

[TS28]
Count Value                                       : 3408
Resistance Value (ohm)                            : 560
Parasitic Capacitance (pF)                        : 23.666666
Sensor Drive Pulse Frequency (MHz)                : 1.0


---------- Phase2 ----------
<< METHOD 0 >>
[TS15]
Sensor Drive Pulse Frequency (MHz)                : 2.0
CTSUSNUM                                          : 15
CTSUSDPA                                          : 7
CTSUSO                                            : 247

[TS25]
Sensor Drive Pulse Frequency (MHz)                : 0.5
CTSUSNUM                                          : 15
CTSUSDPA                                          : 31
CTSUSO                                            : 206

[TS28]
Sensor Drive Pulse Frequency (MHz)                : 1.0
CTSUSNUM                                          : 15
CTSUSDPA                                          : 15
CTSUSO                                            : 89


---------- Phase3 ----------
<< METHOD 0 >>
[Button(self) 0]
  << TS15 >>
  Count Value (Off)                               : 15372
  Count Value (On)                                : 17508
  Threshold                                       : 1281
  Hysteresis                                      : 64

[Button(self) 1]
  << TS25 >>
  Count Value (Off)                               : 15358
  Count Value (On)                                : 16124
  Threshold                                       : 459
  Hysteresis                                      : 22

[Button(self) 2]
  << TS28 >>
  Count Value (Off)                               : 15328
  Count Value (On)                                : 16488
  Threshold                                       : 696
  Hysteresis                                      : 34


---------- Phase3 ----------
<< METHOD 0 >>
[Button(self) 0]
  << TS15 >>
  Count Value (Off)                               : 15372
  Count Value (On)                                : 17508
  Threshold                                       : 1281
  Hysteresis                                      : 64

[Button(self) 1]
  << TS25 >>
  Count Value (Off)                               : 15260
  Count Value (On)                                : 16026
  Threshold                                       : 459
  Hysteresis                                      : 22

[Button(self) 2]
  << TS28 >>
  Count Value (Off)                               : 15316
  Count Value (On)                                : 16456
  Threshold                                       : 684
  Hysteresis                                      : 34

